#
# There is insufficient memory for the Java Runtime Environment to continue.
# Native memory allocation (malloc) failed to allocate 1048576 bytes for AllocateHeap
# Possible reasons:
#   The system is out of physical RAM or swap space
#   In 32 bit mode, the process size limit was hit
# Possible solutions:
#   Reduce memory load on the system
#   Increase physical memory or swap space
#   Check if swap backing store is full
#   Use 64 bit Java on a 64 bit OS
#   Decrease Java heap size (-Xmx/-Xms)
#   Decrease number of Java threads
#   Decrease Java thread stack sizes (-Xss)
#   Set larger code cache with -XX:ReservedCodeCacheSize=
# This output file may be truncated or incomplete.
#
#  Out of Memory Error (memory/allocation.inline.hpp:61), pid=5600, tid=0x0000000000001794
#
# JRE version:  (8.0_76-b03) (build )
# Java VM: OpenJDK 64-Bit Server VM (25.76-b03 mixed mode windows-amd64 compressed oops)
# Failed to write core dump. Minidumps are not enabled by default on client versions of Windows
#

---------------  T H R E A D  ---------------

Current thread (0x000000000035e000):  JavaThread "Unknown thread" [_thread_in_vm, id=6036, stack(0x00000000021c0000,0x00000000022c0000)]

Stack: [0x00000000021c0000,0x00000000022c0000]
[error occurred during error reporting (printing stack bounds), id 0xc0000005]

Native frames: (J=compiled Java code, j=interpreted, Vv=VM code, C=native code)


---------------  P R O C E S S  ---------------

Java Threads: ( => current thread )

Other Threads:

=>0x000000000035e000 (exited) JavaThread "Unknown thread" [_thread_in_vm, id=6036, stack(0x00000000021c0000,0x00000000022c0000)]

VM state:not at safepoint (normal execution)

VM Mutex/Monitor currently owned by a thread: None

Heap:
 PSYoungGen      total 14336K, used 245K [0x00000000eab00000, 0x00000000ebb00000, 0x0000000100000000)
  eden space 12288K, 2% used [0x00000000eab00000,0x00000000eab3d718,0x00000000eb700000)
  from space 2048K, 0% used [0x00000000eb900000,0x00000000eb900000,0x00000000ebb00000)
  to   space 2048K, 0% used [0x00000000eb700000,0x00000000eb700000,0x00000000eb900000)
 ParOldGen       total 32768K, used 0K [0x00000000c0000000, 0x00000000c2000000, 0x00000000eab00000)
  object space 32768K, 0% used [0x00000000c0000000,0x00000000c0000000,0x00000000c2000000)
 Metaspace       used 771K, capacity 4480K, committed 4480K, reserved 1056768K
  class space    used 73K, capacity 384K, committed 384K, reserved 1048576K

Card table byte_map: [0x0000000011950000,0x0000000011b60000] byte_map_base: 0x0000000011350000

Marking Bits: (ParMarkBitMap*) 0x000000005f939d00
 Begin Bits: [0x0000000011fc0000, 0x0000000012fc0000)
 End Bits:   [0x0000000012fc0000, 0x0000000013fc0000)

Polling page: 0x0000000000310000

CodeCache: size=245760Kb used=327Kb max_used=327Kb free=245432Kb
 bounds [0x0000000002590000, 0x0000000002800000, 0x0000000011590000]
 total_blobs=56 nmethods=0 adapters=38
 compilation: enabled

Compilation events (0 events):
No events

GC Heap History (0 events):
No events

Deoptimization events (0 events):
No events

Internal exceptions (0 events):
No events

Events (10 events):
Event: 0.097 loading class java/lang/Short
Event: 0.098 loading class java/lang/Short done
Event: 0.098 loading class java/lang/Integer
Event: 0.098 loading class java/lang/Integer done
Event: 0.098 loading class java/lang/Long
Event: 0.098 loading class java/lang/Long done
Event: 0.099 loading class java/lang/NullPointerException
Event: 0.099 loading class java/lang/NullPointerException done
Event: 0.099 loading class java/lang/ArithmeticException
Event: 0.099 loading class java/lang/ArithmeticException done


Dynamic libraries:
0x000000013f220000 - 0x000000013f251000 	C:\Android\Android Studio\jre\bin\java.exe
0x0000000077a90000 - 0x0000000077c3a000 	C:\Windows\SYSTEM32\ntdll.dll
0x0000000077970000 - 0x0000000077a8f000 	C:\Windows\system32\kernel32.dll
0x000007fefd970000 - 0x000007fefd9da000 	C:\Windows\system32\KERNELBASE.dll
0x000007fefdbe0000 - 0x000007fefdcbb000 	C:\Windows\system32\ADVAPI32.dll
0x000007fefe6f0000 - 0x000007fefe78f000 	C:\Windows\system32\msvcrt.dll
0x000007fefe0e0000 - 0x000007fefe0ff000 	C:\Windows\SYSTEM32\sechost.dll
0x000007fefe570000 - 0x000007fefe69d000 	C:\Windows\system32\RPCRT4.dll
0x0000000077870000 - 0x000000007796a000 	C:\Windows\system32\USER32.dll
0x000007fefe040000 - 0x000007fefe0a7000 	C:\Windows\system32\GDI32.dll
0x000007fefe560000 - 0x000007fefe56e000 	C:\Windows\system32\LPK.dll
0x000007fefe120000 - 0x000007fefe1ea000 	C:\Windows\system32\USP10.dll
0x000007fefbe60000 - 0x000007fefc054000 	C:\Windows\WinSxS\amd64_microsoft.windows.common-controls_6595b64144ccf1df_6.0.7601.18837_none_fa3b1e3d17594757\COMCTL32.dll
0x000007fefe1f0000 - 0x000007fefe261000 	C:\Windows\system32\SHLWAPI.dll
0x000007fefe0b0000 - 0x000007fefe0de000 	C:\Windows\system32\IMM32.DLL
0x000007fefe270000 - 0x000007fefe379000 	C:\Windows\system32\MSCTF.dll
0x0000000067c90000 - 0x0000000067d62000 	C:\Android\Android Studio\jre\jre\bin\msvcr100.dll
0x000000005f180000 - 0x000000005f9b4000 	C:\Android\Android Studio\jre\jre\bin\server\jvm.dll
0x000007fef3f10000 - 0x000007fef3f19000 	C:\Windows\system32\WSOCK32.dll
0x000007fefe6a0000 - 0x000007fefe6ed000 	C:\Windows\system32\WS2_32.dll
0x000007fefef20000 - 0x000007fefef28000 	C:\Windows\system32\NSI.dll
0x000007fefb6c0000 - 0x000007fefb6fb000 	C:\Windows\system32\WINMM.dll
0x000007fefc8b0000 - 0x000007fefc8bc000 	C:\Windows\system32\VERSION.dll
0x0000000077c50000 - 0x0000000077c57000 	C:\Windows\system32\PSAPI.DLL
0x000007fefc1b0000 - 0x000007fefc1bf000 	C:\Android\Android Studio\jre\jre\bin\verify.dll
0x000007fef2cb0000 - 0x000007fef2cd9000 	C:\Android\Android Studio\jre\jre\bin\java.dll
0x000007fef8620000 - 0x000007fef8636000 	C:\Android\Android Studio\jre\jre\bin\zip.dll

VM Arguments:
jvm_args: -Djava.awt.headless=true -Xmx1024M -Dfile.encoding=windows-1251 -Duser.country=RU -Duser.language=ru -Duser.variant 
java_command: com.android.dx.command.Main --dex --verbose --force-jumbo --num-threads=4 --output C:\Users\Oleg\StudioProjects\PressureMonitor1\PressureMonitor\build\intermediates\pre-dexed\debug\android-support-v4_fd8cba3c615fe206c1f8b774406d6e06266d251b.jar C:\Users\Oleg\StudioProjects\PressureMonitor1\PressureMonitor\libs\android-support-v4.jar
java_class_path (initial): C:\Users\Oleg\AppData\Local\Android\Sdk\build-tools\24.0.3\lib\dx.jar
Launcher Type: SUN_STANDARD

Environment Variables:
JAVA_HOME=C:\Java\jdk1.8.0_40
PATH=C:\Program Files (x86)\Borland\Delphi7\Bin;C:\Program Files (x86)\Borland\Delphi7\Projects\Bpl\;C:\Java\jdk1.8.0_40\bin;C:\apache-tomcat-9\bin;C:\apache-cxf-3.1.7\bin;C:\Program Files (x86)\Python35-32\Scripts\;C:\Program Files (x86)\Python35-32\;C:\ProgramData\Oracle\Java\javapath;C:\Program Files (x86)\NVIDIA Corporation\PhysX\Common;C:\Windows\system32;C:\Windows;C:\Windows\System32\Wbem;C:\Windows\System32\WindowsPowerShell\v1.0\;C:\Program Files\TortoiseSVN\bin;C:\Program Files (x86)\Skype\Phone\;C:\apache-ant-1.9\bin;C:\apache-maven-3.3.9-bin\bin;C:\Program Files\Git\cmd;C:\Program Files\TortoiseGit\bin
USERNAME=Oleg
OS=Windows_NT
PROCESSOR_IDENTIFIER=Intel64 Family 6 Model 23 Stepping 10, GenuineIntel



---------------  S Y S T E M  ---------------

OS: Windows 7 , 64 bit Build 7601 (6.1.7601.23543)

CPU:total 2 (2 cores per cpu, 1 threads per core) family 6 model 23 stepping 10, cmov, cx8, fxsr, mmx, sse, sse2, sse3, ssse3, sse4.1, tsc

Memory: 4k page, physical 3109912k(480300k free), swap 4132052k(5468k free)

vm_info: OpenJDK 64-Bit Server VM (25.76-b03) for windows-amd64 JRE (1.8.0_76-release-b03), built on Jun 29 2016 19:09:20 by "ralucas" with MS VC++ 10.0 (VS2010)

time: Thu Nov 03 21:33:56 2016
elapsed time: 0 seconds (0d 0h 0m 0s)

